<?xml version="1.0" encoding="UTF-8"?>
<!-- Generated by org.testng.reporters.JUnitXMLReporter -->
<testsuite ignored="0" hostname="DESKTOP-UMEFVFH" failures="0" tests="4" name="Surefire test" time="42.201" errors="0" timestamp="2024-07-02T12:55:51 IST">
  <testcase classname="api.test.UserTest" name="testPostUser" time="25.477"/>
  <testcase classname="api.test.UserTest" name="testGetUserByName" time="1.719"/>
  <testcase classname="api.test.UserTest" name="testUpdateUserByName" time="2.462"/>
  <testcase classname="api.test.UserTest" name="testDeleteUserByName" time="1.223"/>
</testsuite> <!-- Surefire test -->
