<?xml version="1.0" encoding="UTF-8"?>
<!-- Generated by org.testng.reporters.JUnitXMLReporter -->
<testsuite ignored="0" hostname="DESKTOP-UMEFVFH" failures="0" tests="9" name="Default test" time="52.169" errors="0" timestamp="2024-06-30T19:52:44 IST">
  <testcase classname="api.test.DDTest_user" name="testPostUser" time="29.562"/>
  <testcase classname="api.test.DDTest_user" name="testPostUser" time="1.612"/>
  <testcase classname="api.test.DDTest_user" name="testPostUser" time="1.606"/>
  <testcase classname="api.test.DDTest_user" name="testGetUserByName" time="1.781"/>
  <testcase classname="api.test.DDTest_user" name="testGetUserByName" time="1.524"/>
  <testcase classname="api.test.DDTest_user" name="testGetUserByName" time="1.633"/>
  <testcase classname="api.test.DDTest_user" name="testDeleteUserByName" time="1.38"/>
  <testcase classname="api.test.DDTest_user" name="testDeleteUserByName" time="1.58"/>
  <testcase classname="api.test.DDTest_user" name="testDeleteUserByName" time="1.513"/>
</testsuite> <!-- Default test -->
