<?xml version="1.0" encoding="UTF-8"?>
<testng-results ignored="0" total="4" passed="4" failed="0" skipped="0">
  <reporter-output>
  </reporter-output>
  <suite started-at="2024-07-02T12:55:09 IST" name="Surefire suite" finished-at="2024-07-02T12:55:51 IST" duration-ms="42201">
    <groups>
    </groups>
    <test started-at="2024-07-02T12:55:09 IST" name="Surefire test" finished-at="2024-07-02T12:55:51 IST" duration-ms="42201">
      <class name="api.test.UserTest">
        <test-method is-config="true" signature="setup()[pri:0, instance:api.test.UserTest@7d68ef40]" started-at="2024-07-02T12:55:09 IST" name="setup" finished-at="2024-07-02T12:55:20 IST" duration-ms="11250" status="PASS">
          <reporter-output>
          </reporter-output>
        </test-method> <!-- setup -->
        <test-method signature="testPostUser()[pri:1, instance:api.test.UserTest@7d68ef40]" started-at="2024-07-02T12:55:20 IST" name="testPostUser" finished-at="2024-07-02T12:55:46 IST" duration-ms="25477" status="PASS">
          <reporter-output>
          </reporter-output>
        </test-method> <!-- testPostUser -->
        <test-method signature="testGetUserByName()[pri:2, instance:api.test.UserTest@7d68ef40]" started-at="2024-07-02T12:55:46 IST" name="testGetUserByName" finished-at="2024-07-02T12:55:48 IST" duration-ms="1719" status="PASS">
          <reporter-output>
          </reporter-output>
        </test-method> <!-- testGetUserByName -->
        <test-method signature="testUpdateUserByName()[pri:3, instance:api.test.UserTest@7d68ef40]" started-at="2024-07-02T12:55:48 IST" name="testUpdateUserByName" finished-at="2024-07-02T12:55:50 IST" duration-ms="2462" status="PASS">
          <reporter-output>
          </reporter-output>
        </test-method> <!-- testUpdateUserByName -->
        <test-method signature="testDeleteUserByName()[pri:4, instance:api.test.UserTest@7d68ef40]" started-at="2024-07-02T12:55:50 IST" name="testDeleteUserByName" finished-at="2024-07-02T12:55:51 IST" duration-ms="1223" status="PASS">
          <reporter-output>
          </reporter-output>
        </test-method> <!-- testDeleteUserByName -->
      </class> <!-- api.test.UserTest -->
    </test> <!-- Surefire test -->
  </suite> <!-- Surefire suite -->
</testng-results>
