<?xml version="1.0" encoding="UTF-8"?>
<!-- Generated by org.testng.reporters.JUnitXMLReporter -->
<testsuite ignored="0" hostname="DESKTOP-UMEFVFH" failures="0" tests="4" name="PetTest" time="19.375" errors="0" timestamp="2024-07-01T21:23:05 IST">
  <testcase classname="api.test.UserTest2" name="testPostUser" time="8.644"/>
  <testcase classname="api.test.UserTest2" name="testGetUserByName" time="1.713"/>
  <testcase classname="api.test.UserTest2" name="testUpdateUserByName" time="3.325"/>
  <testcase classname="api.test.UserTest2" name="testDeleteUserByName" time="1.589"/>
</testsuite> <!-- PetTest -->
